CRITICAL - 2023-07-11 01:31:52 --> Call to undefined method CodeIgniter\View\View::extends()
in APPPATH\Views\profil\visi.php on line 1.
 1 SYSTEMPATH\View\View.php(213): include()
 2 SYSTEMPATH\View\View.php(216): CodeIgniter\View\View->CodeIgniter\View\{closure}()
 3 SYSTEMPATH\Common.php(1177): CodeIgniter\View\View->render('profil/visi', [], true)
 4 APPPATH\Controllers\web.php(20): view('profil/visi')
 5 SYSTEMPATH\CodeIgniter.php(934): App\Controllers\Web->visi()
 6 SYSTEMPATH\CodeIgniter.php(499): CodeIgniter\CodeIgniter->runController(Object(App\Controllers\Web))
 7 SYSTEMPATH\CodeIgniter.php(368): CodeIgniter\CodeIgniter->handleRequest(null, Object(Config\Cache), false)
 8 FCPATH\index.php(67): CodeIgniter\CodeIgniter->run()
 9 SYSTEMPATH\Commands\Server\rewrite.php(47): require_once('FCPATH\\index.php')
CRITICAL - 2023-07-11 01:32:40 --> Call to undefined method CodeIgniter\View\View::extends()
in APPPATH\Views\profil\visi.php on line 1.
 1 SYSTEMPATH\View\View.php(213): include()
 2 SYSTEMPATH\View\View.php(216): CodeIgniter\View\View->CodeIgniter\View\{closure}()
 3 SYSTEMPATH\Common.php(1177): CodeIgniter\View\View->render('profil/visi', [], true)
 4 APPPATH\Controllers\web.php(20): view('profil/visi')
 5 SYSTEMPATH\CodeIgniter.php(934): App\Controllers\Web->visi()
 6 SYSTEMPATH\CodeIgniter.php(499): CodeIgniter\CodeIgniter->runController(Object(App\Controllers\Web))
 7 SYSTEMPATH\CodeIgniter.php(368): CodeIgniter\CodeIgniter->handleRequest(null, Object(Config\Cache), false)
 8 FCPATH\index.php(67): CodeIgniter\CodeIgniter->run()
 9 SYSTEMPATH\Commands\Server\rewrite.php(47): require_once('FCPATH\\index.php')
CRITICAL - 2023-07-11 01:33:11 --> Call to undefined method CodeIgniter\View\View::extends()
in APPPATH\Views\profil\visi.php on line 1.
 1 SYSTEMPATH\View\View.php(213): include()
 2 SYSTEMPATH\View\View.php(216): CodeIgniter\View\View->CodeIgniter\View\{closure}()
 3 SYSTEMPATH\Common.php(1177): CodeIgniter\View\View->render('profil/visi', [], true)
 4 APPPATH\Controllers\web.php(20): view('profil/visi')
 5 SYSTEMPATH\CodeIgniter.php(934): App\Controllers\Web->visi()
 6 SYSTEMPATH\CodeIgniter.php(499): CodeIgniter\CodeIgniter->runController(Object(App\Controllers\Web))
 7 SYSTEMPATH\CodeIgniter.php(368): CodeIgniter\CodeIgniter->handleRequest(null, Object(Config\Cache), false)
 8 FCPATH\index.php(67): CodeIgniter\CodeIgniter->run()
 9 SYSTEMPATH\Commands\Server\rewrite.php(47): require_once('FCPATH\\index.php')
CRITICAL - 2023-07-11 01:33:38 --> Call to undefined method CodeIgniter\View\View::extends()
in APPPATH\Views\profil\visi.php on line 1.
 1 SYSTEMPATH\View\View.php(213): include()
 2 SYSTEMPATH\View\View.php(216): CodeIgniter\View\View->CodeIgniter\View\{closure}()
 3 SYSTEMPATH\Common.php(1177): CodeIgniter\View\View->render('profil/visi', [], true)
 4 APPPATH\Controllers\web.php(20): view('profil/visi')
 5 SYSTEMPATH\CodeIgniter.php(934): App\Controllers\Web->visi()
 6 SYSTEMPATH\CodeIgniter.php(499): CodeIgniter\CodeIgniter->runController(Object(App\Controllers\Web))
 7 SYSTEMPATH\CodeIgniter.php(368): CodeIgniter\CodeIgniter->handleRequest(null, Object(Config\Cache), false)
 8 FCPATH\index.php(67): CodeIgniter\CodeIgniter->run()
 9 SYSTEMPATH\Commands\Server\rewrite.php(47): require_once('FCPATH\\index.php')
CRITICAL - 2023-07-11 01:48:38 --> syntax error, unexpected '-', expecting '('
in APPPATH\Controllers\web.php on line 23.
 1 SYSTEMPATH\Router\Router.php(506): CodeIgniter\Router\AutoRouter->getRoute('web/struktur-organisasi')
 2 SYSTEMPATH\Router\Router.php(205): CodeIgniter\Router\Router->autoRoute('web/struktur-organisasi')
 3 SYSTEMPATH\CodeIgniter.php(815): CodeIgniter\Router\Router->handle('web/struktur-organisasi')
 4 SYSTEMPATH\CodeIgniter.php(449): CodeIgniter\CodeIgniter->tryToRouteIt(Object(CodeIgniter\Router\RouteCollection))
 5 SYSTEMPATH\CodeIgniter.php(368): CodeIgniter\CodeIgniter->handleRequest(null, Object(Config\Cache), false)
 6 FCPATH\index.php(67): CodeIgniter\CodeIgniter->run()
 7 SYSTEMPATH\Commands\Server\rewrite.php(47): require_once('FCPATH\\index.php')
